<?xml version="1.0" encoding="UTF-8"?>
<!-- Generated by org.testng.reporters.JUnitReportReporter -->
<testsuite skipped="0" hostname="LAPTOP-PIU79BCM" name="selenium.TestngSample" tests="1" failures="0" timestamp="2023-09-14T08:18:14 IST" time="9.290" errors="0">
  <testcase name="loginPage" time="9.290" classname="selenium.TestngSample"/>
  <system-out/>
</testsuite> <!-- selenium.TestngSample -->
