<?xml version="1.0" encoding="UTF-8"?>
<!-- Generated by org.testng.reporters.JUnitReportReporter -->
<testsuite skipped="0" hostname="LAPTOP-PIU79BCM" name="runner.RunTest" tests="1" failures="0" timestamp="2023-10-07T08:16:04 IST" time="18.881" errors="0">
  <testcase name="runScenario" time="18.881" classname="runner.RunTest"/>
  <system-out/>
</testsuite> <!-- runner.RunTest -->
