<?xml version="1.0" encoding="UTF-8"?>
<!-- Generated by org.testng.reporters.JUnitReportReporter -->
<testsuite skipped="0" hostname="LAPTOP-PIU79BCM" name="week6.day1.EditLead" tests="3" failures="0" timestamp="2023-09-23T18:52:40 IST" time="73.114" errors="0">
  <testcase name="editLeadTestCase02" time="23.515" classname="week6.day1.EditLead"/>
  <system-out/>
  <testcase name="editLeadTestCase02" time="25.620" classname="week6.day1.EditLead"/>
  <system-out/>
  <testcase name="editLeadTestCase02" time="23.979" classname="week6.day1.EditLead"/>
  <system-out/>
</testsuite> <!-- week6.day1.EditLead -->
