<?xml version="1.0" encoding="UTF-8"?>
<!-- Generated by org.testng.reporters.JUnitReportReporter -->
<testsuite skipped="0" hostname="LAPTOP-PIU79BCM" name="actionandDatePicker.LearnDatePicker" tests="1" failures="0" timestamp="2023-09-27T01:11:11 IST" time="3.225" errors="0">
  <testcase name="pickTheDate" time="3.225" classname="actionandDatePicker.LearnDatePicker"/>
  <system-out/>
</testsuite> <!-- actionandDatePicker.LearnDatePicker -->
