<?xml version="1.0" encoding="UTF-8"?>
<!-- Generated by org.testng.reporters.JUnitReportReporter -->
<testsuite skipped="0" hostname="LAPTOP-PIU79BCM" name="assignment.week5.day2.MergeLead" tests="1" failures="0" timestamp="2023-09-17T23:52:32 IST" time="28.954" errors="0">
  <testcase name="mergeLeadTestCase05" time="28.954" classname="assignment.week5.day2.MergeLead"/>
  <system-out/>
</testsuite> <!-- assignment.week5.day2.MergeLead -->
