<?xml version="1.0" encoding="UTF-8"?>
<!-- Generated by org.testng.reporters.JUnitReportReporter -->
<testsuite skipped="0" hostname="LAPTOP-PIU79BCM" name="waits.LearnExplicitWait01" tests="1" failures="0" timestamp="2023-09-30T15:13:57 IST" time="11.438" errors="0">
  <testcase name="waitForVisibility" time="11.438" classname="waits.LearnExplicitWait01"/>
  <system-out/>
</testsuite> <!-- waits.LearnExplicitWait01 -->
