<?xml version="1.0" encoding="UTF-8"?>
<!-- Generated by org.testng.reporters.JUnitReportReporter -->
<testsuite skipped="0" hostname="LAPTOP-PIU79BCM" name="week5.day1.CreateLead" tests="1" failures="0" timestamp="2023-09-17T15:31:48 IST" time="11.796" errors="0">
  <testcase name="createLeadTestCase" time="11.796" classname="week5.day1.CreateLead"/>
  <system-out/>
</testsuite> <!-- week5.day1.CreateLead -->
