<?xml version="1.0" encoding="UTF-8"?>
<!-- Generated by org.testng.reporters.JUnitReportReporter -->
<testsuite skipped="0" hostname="LAPTOP-PIU79BCM" name="action.Sortable" tests="1" failures="0" timestamp="2023-09-20T16:39:24 IST" time="13.006" errors="0">
  <testcase name="draggableTestCase01" time="13.006" classname="action.Sortable"/>
  <system-out/>
</testsuite> <!-- action.Sortable -->
