<?xml version="1.0" encoding="UTF-8"?>
<!-- Generated by org.testng.reporters.JUnitReportReporter -->
<testsuite skipped="0" hostname="LAPTOP-PIU79BCM" name="week5.day1.MergeContact" tests="1" failures="0" timestamp="2023-09-17T15:31:48 IST" time="22.412" errors="0">
  <testcase name="meargeLeadTestCase" time="22.412" classname="week5.day1.MergeContact"/>
  <system-out/>
</testsuite> <!-- week5.day1.MergeContact -->
