<?xml version="1.0" encoding="UTF-8"?>
<!-- Generated by org.testng.reporters.JUnitReportReporter -->
<testsuite skipped="0" hostname="LAPTOP-PIU79BCM" name="week5.day1.testcase.DeleteLead" tests="1" failures="0" timestamp="2023-09-17T18:36:01 IST" time="11.971" errors="0">
  <testcase name="deleteLeadTestCase" time="11.971" classname="week5.day1.testcase.DeleteLead"/>
  <system-out/>
</testsuite> <!-- week5.day1.testcase.DeleteLead -->
