<?xml version="1.0" encoding="UTF-8"?>
<!-- Generated by org.testng.reporters.JUnitReportReporter -->
<testsuite skipped="0" hostname="LAPTOP-PIU79BCM" name="week6.day1.CreateLead" tests="3" failures="0" timestamp="2023-09-23T18:52:40 IST" time="44.822" errors="0">
  <testcase name="createLeadTestCase01" time="14.847" classname="week6.day1.CreateLead"/>
  <system-out/>
  <testcase name="createLeadTestCase01" time="15.358" classname="week6.day1.CreateLead"/>
  <system-out/>
  <testcase name="createLeadTestCase01" time="14.617" classname="week6.day1.CreateLead"/>
  <system-out/>
</testsuite> <!-- week6.day1.CreateLead -->
