<?xml version="1.0" encoding="UTF-8"?>
<!-- Generated by org.testng.reporters.JUnitReportReporter -->
<testsuite skipped="0" hostname="LAPTOP-PIU79BCM" name="week5.day1.EditLead" tests="1" failures="0" timestamp="2023-09-17T15:31:48 IST" time="16.801" errors="0">
  <testcase name="editLeadTestCase" time="16.801" classname="week5.day1.EditLead"/>
  <system-out/>
</testsuite> <!-- week5.day1.EditLead -->
