<?xml version="1.0" encoding="UTF-8"?>
<!-- Generated by org.testng.reporters.JUnitReportReporter -->
<testsuite skipped="2" hostname="LAPTOP-PIU79BCM" name="retryAndListenner.LearnRetry" tests="7" failures="0" timestamp="2023-09-23T11:02:38 IST" time="60.925" errors="0">
  <testcase name="createLead" time="0.014" classname="retryAndListenner.LearnRetry"/>
  <system-out/>
  <testcase name="deleteLead" time="32.757" classname="retryAndListenner.LearnRetry">
    <skipped/>
  </testcase> <!-- deleteLead -->
  <system-out/>
  <testcase name="mergeLead" time="0.003" classname="retryAndListenner.LearnRetry"/>
  <system-out/>
  <testcase name="editLead" time="0.004" classname="retryAndListenner.LearnRetry"/>
  <system-out/>
  <testcase name="deleteLead" time="15.279" classname="retryAndListenner.LearnRetry"/>
  <system-out/>
  <testcase name="duplicateLead" time="0.003" classname="retryAndListenner.LearnRetry"/>
  <system-out/>
  <testcase name="deleteLead" time="12.865" classname="retryAndListenner.LearnRetry">
    <skipped/>
  </testcase> <!-- deleteLead -->
  <system-out/>
</testsuite> <!-- retryAndListenner.LearnRetry -->
