<?xml version="1.0" encoding="UTF-8"?>
<!-- Generated by org.testng.reporters.JUnitReportReporter -->
<testsuite skipped="0" hostname="LAPTOP-PIU79BCM" name="waits.LearnExplicitWait4" tests="1" failures="0" timestamp="2023-09-26T12:36:33 IST" time="6.339" errors="0">
  <testcase name="Clickability" time="6.339" classname="waits.LearnExplicitWait4"/>
  <system-out/>
</testsuite> <!-- waits.LearnExplicitWait4 -->
