<?xml version="1.0" encoding="UTF-8"?>
<!-- Generated by org.testng.reporters.JUnitReportReporter -->
<testsuite skipped="0" hostname="LAPTOP-PIU79BCM" name="assignment.week6.day1.MergeLead" tests="1" failures="0" timestamp="2023-09-24T02:19:13 IST" time="37.447" errors="0">
  <testcase name="mergeLeadTestCase05" time="37.447" classname="assignment.week6.day1.MergeLead"/>
  <system-out/>
</testsuite> <!-- assignment.week6.day1.MergeLead -->
