<?xml version="1.0" encoding="UTF-8"?>
<!-- Generated by org.testng.reporters.JUnitReportReporter -->
<testsuite skipped="0" hostname="LAPTOP-PIU79BCM" name="week6.day1.DuplicateLead" tests="1" failures="0" timestamp="2023-09-23T15:50:59 IST" time="24.449" errors="0">
  <testcase name="duplicateLeadTestCase03" time="24.449" classname="week6.day1.DuplicateLead"/>
  <system-out/>
</testsuite> <!-- week6.day1.DuplicateLead -->
