<?xml version="1.0" encoding="UTF-8"?>
<!-- Generated by org.testng.reporters.JUnitReportReporter -->
<testsuite skipped="0" hostname="LAPTOP-PIU79BCM" name="assertionsandScreenshot.LearnScreenshot" tests="1" failures="0" timestamp="2023-09-26T15:12:17 IST" time="15.527" errors="0">
  <testcase name="takeScreenshot" time="15.527" classname="assertionsandScreenshot.LearnScreenshot"/>
  <system-out/>
</testsuite> <!-- assertionsandScreenshot.LearnScreenshot -->
