<?xml version="1.0" encoding="UTF-8"?>
<!-- Generated by org.testng.reporters.JUnitReportReporter -->
<testsuite skipped="0" hostname="LAPTOP-PIU79BCM" name="week5.day2.staticdata.CreateLead" tests="10" failures="0" timestamp="2023-09-21T10:00:57 IST" time="152.654" errors="0">
  <testcase name="createLeadTestCase01" time="15.118" classname="week5.day2.staticdata.CreateLead"/>
  <system-out/>
  <testcase name="createLeadTestCase01" time="16.064" classname="week5.day2.staticdata.CreateLead"/>
  <system-out/>
  <testcase name="createLeadTestCase01" time="14.578" classname="week5.day2.staticdata.CreateLead"/>
  <system-out/>
  <testcase name="createLeadTestCase01" time="14.652" classname="week5.day2.staticdata.CreateLead"/>
  <system-out/>
  <testcase name="createLeadTestCase01" time="14.338" classname="week5.day2.staticdata.CreateLead"/>
  <system-out/>
  <testcase name="createLeadTestCase01" time="14.645" classname="week5.day2.staticdata.CreateLead"/>
  <system-out/>
  <testcase name="createLeadTestCase01" time="15.266" classname="week5.day2.staticdata.CreateLead"/>
  <system-out/>
  <testcase name="createLeadTestCase01" time="16.939" classname="week5.day2.staticdata.CreateLead"/>
  <system-out/>
  <testcase name="createLeadTestCase01" time="14.670" classname="week5.day2.staticdata.CreateLead"/>
  <system-out/>
  <testcase name="createLeadTestCase01" time="16.384" classname="week5.day2.staticdata.CreateLead"/>
  <system-out/>
</testsuite> <!-- week5.day2.staticdata.CreateLead -->
