<?xml version="1.0" encoding="UTF-8"?>
<!-- Generated by org.testng.reporters.JUnitReportReporter -->
<testsuite skipped="0" hostname="LAPTOP-PIU79BCM" name="week6.day1.MergeLead" tests="1" failures="0" timestamp="2023-09-23T15:50:59 IST" time="35.266" errors="0">
  <testcase name="mergeLeadTestCase05" time="35.266" classname="week6.day1.MergeLead"/>
  <system-out/>
</testsuite> <!-- week6.day1.MergeLead -->
