<?xml version="1.0" encoding="UTF-8"?>
<!-- Generated by org.testng.reporters.JUnitReportReporter -->
<testsuite skipped="0" hostname="LAPTOP-PIU79BCM" name="waits.LearnExplicitWait2" tests="1" failures="0" timestamp="2023-09-26T11:37:07 IST" time="11.235" errors="0">
  <testcase name="waitForVisibility" time="11.235" classname="waits.LearnExplicitWait2"/>
  <system-out/>
</testsuite> <!-- waits.LearnExplicitWait2 -->
