<?xml version="1.0" encoding="UTF-8"?>
<!-- Generated by org.testng.reporters.JUnitReportReporter -->
<testsuite skipped="0" hostname="LAPTOP-PIU79BCM" name="waits.LearnExplicitWait3" tests="1" failures="0" timestamp="2023-09-26T12:26:56 IST" time="17.189" errors="0">
  <testcase name="Clickability" time="17.189" classname="waits.LearnExplicitWait3"/>
  <system-out/>
</testsuite> <!-- waits.LearnExplicitWait3 -->
