<?xml version="1.0" encoding="UTF-8"?>
<!-- Generated by org.testng.reporters.JUnitReportReporter -->
<testsuite skipped="0" hostname="LAPTOP-PIU79BCM" name="action.Resizable" tests="5" failures="0" timestamp="2023-09-20T16:45:29 IST" time="51.141" errors="0">
  <testcase name="draggableTestCase01" time="12.103" classname="action.Resizable"/>
  <system-out/>
  <testcase name="draggableTestCase01" time="10.121" classname="action.Resizable"/>
  <system-out/>
  <testcase name="draggableTestCase01" time="8.563" classname="action.Resizable"/>
  <system-out/>
  <testcase name="draggableTestCase01" time="9.136" classname="action.Resizable"/>
  <system-out/>
  <testcase name="draggableTestCase01" time="11.218" classname="action.Resizable"/>
  <system-out/>
</testsuite> <!-- action.Resizable -->
