<?xml version="1.0" encoding="UTF-8"?>
<!-- Generated by org.testng.reporters.JUnitReportReporter -->
<testsuite skipped="0" hostname="LAPTOP-PIU79BCM" name="week5.day2.annotations.SampleTestNG" tests="2" failures="0" timestamp="2023-09-21T20:03:48 IST" time="43.744" errors="0">
  <testcase name="createLeadTestCase01" time="18.954" classname="week5.day2.annotations.SampleTestNG"/>
  <system-out/>
  <testcase name="editLeadTestCase02" time="24.790" classname="week5.day2.annotations.SampleTestNG"/>
  <system-out/>
</testsuite> <!-- week5.day2.annotations.SampleTestNG -->
