<?xml version="1.0" encoding="UTF-8"?>
<!-- Generated by org.testng.reporters.JUnitReportReporter -->
<testsuite skipped="0" hostname="LAPTOP-PIU79BCM" name="week5.day2.testcase.CreateLead" tests="6" failures="0" timestamp="2023-09-18T16:47:08 IST" time="104.356" errors="0">
  <testcase name="createLeadTestCase01" time="16.596" classname="week5.day2.testcase.CreateLead"/>
  <system-out/>
  <testcase name="createLeadTestCase01" time="17.220" classname="week5.day2.testcase.CreateLead"/>
  <system-out/>
  <testcase name="createLeadTestCase01" time="16.978" classname="week5.day2.testcase.CreateLead"/>
  <system-out/>
  <testcase name="createLeadTestCase01" time="15.999" classname="week5.day2.testcase.CreateLead"/>
  <system-out/>
  <testcase name="createLeadTestCase01" time="18.383" classname="week5.day2.testcase.CreateLead"/>
  <system-out/>
  <testcase name="createLeadTestCase01" time="19.180" classname="week5.day2.testcase.CreateLead"/>
  <system-out/>
</testsuite> <!-- week5.day2.testcase.CreateLead -->
