<?xml version="1.0" encoding="UTF-8"?>
<!-- Generated by org.testng.reporters.JUnitReportReporter -->
<testsuite skipped="0" hostname="LAPTOP-PIU79BCM" name="week5.day1.testcase.CreateLead" tests="1" failures="0" timestamp="2023-09-17T18:36:01 IST" time="13.600" errors="0">
  <testcase name="createLeadTestCase" time="13.600" classname="week5.day1.testcase.CreateLead"/>
  <system-out/>
</testsuite> <!-- week5.day1.testcase.CreateLead -->
